Base path: M:/installed/UnityEditor/Data
Pipe name: \\.\pipe\UnityShaderCompiler-4-6888
Cmd: getPlatforms
Cmd: compileSnippet
  api=9 type=1 insize=7115 outsize=7 kw=DIRECTIONAL LIGHTMAP_ON DIRLIGHTMAP_OFF ok=1
Cmd: compileSnippet
  api=9 type=0 insize=4847 outsize=4857 kw=DIRECTIONAL ok=1
Cmd: compileSnippet
  api=9 type=1 insize=4847 outsize=7 kw=SPOT ok=1
Cmd: compileSnippet
  api=9 type=1 insize=4847 outsize=7 kw=DIRECTIONAL_COOKIE ok=1
Cmd: compileSnippet
  api=9 type=0 insize=6012 outsize=5948 kw=DIRECTIONAL LIGHTMAP_OFF DIRLIGHTMAP_OFF ok=1
Cmd: compileSnippet
  api=9 type=0 insize=6012 outsize=7092 kw=DIRECTIONAL LIGHTMAP_OFF DIRLIGHTMAP_OFF VERTEXLIGHT_ON ok=1
Cmd: compileSnippet
  api=9 type=1 insize=6012 outsize=7 kw=DIRECTIONAL LIGHTMAP_OFF DIRLIGHTMAP_OFF ok=1
Cmd: compileSnippet
  api=9 type=0 insize=3811 outsize=4898 kw=POINT ok=1
Cmd: compileSnippet
  api=5 type=0 insize=3811 outsize=5103 kw=SPOT ok=1
Cmd: compileSnippet
  api=5 type=0 insize=3811 outsize=4603 kw=DIRECTIONAL_COOKIE ok=1
Cmd: compileSnippet
  api=5 type=1 insize=3811 outsize=6 kw=DIRECTIONAL ok=1
Cmd: compileSnippet
  api=5 type=1 insize=3811 outsize=6 kw=SPOT ok=1
Cmd: compileSnippet
  api=9 type=1 insize=3811 outsize=7 kw=DIRECTIONAL_COOKIE ok=1
Cmd: compileSnippet
  api=5 type=0 insize=5336 outsize=1881 kw=DIRECTIONAL LIGHTMAP_ON DIRLIGHTMAP_OFF ok=1
Cmd: compileSnippet
  api=9 type=0 insize=5336 outsize=3875 kw=DIRECTIONAL LIGHTMAP_ON DIRLIGHTMAP_ON ok=1
Cmd: compileSnippet
  api=5 type=1 insize=5336 outsize=6 kw=DIRECTIONAL LIGHTMAP_ON DIRLIGHTMAP_OFF ok=1
Cmd: compileSnippet
  api=5 type=1 insize=5336 outsize=6 kw=DIRECTIONAL LIGHTMAP_ON DIRLIGHTMAP_ON ok=1
Cmd: compileSnippet
  api=9 type=0 insize=2853 outsize=3336 kw=POINT ok=1
Cmd: compileSnippet
  api=9 type=0 insize=2853 outsize=3425 kw=POINT_COOKIE ok=1
Cmd: compileSnippet
  api=9 type=0 insize=2853 outsize=3157 kw=DIRECTIONAL_COOKIE ok=1
Cmd: compileSnippet
  api=9 type=1 insize=2853 outsize=7 kw=POINT ok=1
Cmd: compileSnippet
  api=5 type=1 insize=2853 outsize=6 kw=SPOT ok=1
Cmd: compileSnippet
  api=9 type=1 insize=2853 outsize=7 kw=POINT_COOKIE ok=1
Cmd: compileSnippet
  api=9 type=1 insize=1095 outsize=7 kw= ok=1
Cmd: compileSnippet
  api=9 type=1 insize=1260 outsize=7 kw= ok=1
Cmd: compileSnippet
  api=9 type=0 insize=1948 outsize=2721 kw= ok=1
Cmd: compileSnippet
  api=9 type=1 insize=1948 outsize=7 kw= ok=1
Cmd: compileSnippet
  api=9 type=0 insize=1886 outsize=2506 kw= ok=1
Cmd: compileSnippet
  api=9 type=1 insize=1886 outsize=7 kw= ok=1
Cmd: compileSnippet
  api=9 type=1 insize=1098 outsize=7 kw= ok=1
Cmd: compileSnippet
  api=9 type=0 insize=1489 outsize=1907 kw= ok=1
Cmd: compileSnippet
  api=9 type=1 insize=1489 outsize=7 kw= ok=1
Cmd: compileSnippet
  api=9 type=0 insize=1274 outsize=2413 kw= ok=1
Cmd: compileSnippet
  api=9 type=1 insize=1159 outsize=7 kw= ok=1
Cmd: compileSnippet
  api=9 type=0 insize=1496 outsize=2423 kw= ok=1
Cmd: compileSnippet
  api=9 type=1 insize=1496 outsize=7 kw= ok=1
Cmd: compileSnippet
  api=9 type=1 insize=1354 outsize=7 kw= ok=1
Cmd: compileSnippet
  api=9 type=1 insize=1183 outsize=7 kw= ok=1
Cmd: compileSnippet
  api=9 type=0 insize=1206 outsize=1401 kw= ok=1
Cmd: compileSnippet
  api=9 type=1 insize=1206 outsize=7 kw= ok=1
Cmd: compileSnippet
  api=9 type=0 insize=1263 outsize=1391 kw= ok=1
Cmd: compileSnippet
  api=9 type=0 insize=1149 outsize=1283 kw= ok=1
Cmd: compileSnippet
  api=9 type=1 insize=1149 outsize=7 kw= ok=1
Cmd: compileSnippet
  api=9 type=0 insize=1396 outsize=8692 kw= ok=1
Cmd: compileSnippet
  api=9 type=0 insize=1723 outsize=1904 kw= ok=1
Cmd: compileSnippet
  api=9 type=1 insize=1723 outsize=7 kw= ok=1
Cmd: compileSnippet
  api=9 type=0 insize=1099 outsize=1157 kw= ok=1
Cmd: compileSnippet
  api=9 type=1 insize=1099 outsize=7 kw= ok=1
Cmd: compileSnippet
  api=9 type=0 insize=1386 outsize=1683 kw= ok=1
Cmd: compileSnippet
  api=9 type=1 insize=1386 outsize=7 kw= ok=1
Cmd: compileSnippet
  api=9 type=0 insize=2213 outsize=2889 kw= ok=1
Cmd: compileSnippet
  api=9 type=1 insize=2213 outsize=7 kw= ok=1
Cmd: compileSnippet
  api=9 type=1 insize=1215 outsize=7 kw= ok=1
Cmd: compileSnippet
  api=9 type=0 insize=1145 outsize=1287 kw= ok=1
Cmd: compileSnippet
  api=9 type=0 insize=1278 outsize=1446 kw= ok=1
Cmd: compileSnippet
  api=9 type=1 insize=1278 outsize=7 kw= ok=1
Cmd: compileSnippet
  api=9 type=1 insize=1002 outsize=7 kw= ok=1
Cmd: compileSnippet
  api=9 type=1 insize=1923 outsize=7 kw= ok=1
Cmd: compileSnippet
  api=9 type=0 insize=1154 outsize=1440 kw= ok=1
Cmd: compileSnippet
  api=9 type=1 insize=1154 outsize=7 kw= ok=1
Cmd: compileSnippet
  api=9 type=1 insize=1444 outsize=7 kw= ok=1
Cmd: compileSnippet
  api=9 type=1 insize=1204 outsize=7 kw= ok=1
Cmd: compileSnippet
  api=9 type=0 insize=1694 outsize=2300 kw= ok=1
Cmd: compileSnippet
  api=9 type=1 insize=1694 outsize=7 kw= ok=1
Cmd: compileSnippet
  api=9 type=0 insize=1274 outsize=1211 kw= ok=1
Cmd: compileSnippet
  api=9 type=0 insize=1641 outsize=2188 kw= ok=1
Cmd: compileSnippet
  api=9 type=0 insize=1210 outsize=1261 kw= ok=1
Cmd: compileSnippet
  api=9 type=1 insize=1210 outsize=7 kw= ok=1
Cmd: compileSnippet
  api=9 type=0 insize=1404 outsize=1590 kw= ok=1
Cmd: compileSnippet
  api=9 type=1 insize=1404 outsize=7 kw= ok=1
Cmd: compileSnippet
  api=9 type=0 insize=1018 outsize=949 kw= ok=1
Cmd: compileSnippet
  api=9 type=1 insize=1018 outsize=7 kw= ok=1
Cmd: compileSnippet
  api=9 type=0 insize=1090 outsize=1119 kw= ok=1
Cmd: compileSnippet
  api=0 type=0 insize=7115 outsize=616 kw=DIRECTIONAL LIGHTMAP_ON DIRLIGHTMAP_OFF ok=1
Cmd: compileSnippet
  api=1 type=0 insize=7115 outsize=1700 kw=DIRECTIONAL LIGHTMAP_OFF DIRLIGHTMAP_OFF VERTEXLIGHT_ON ok=1
Cmd: compileSnippet
  api=8 type=1 insize=7115 outsize=5566 kw=DIRECTIONAL LIGHTMAP_OFF DIRLIGHTMAP_OFF ok=1
Cmd: compileSnippet
  api=1 type=0 insize=4847 outsize=955 kw=POINT ok=1
Cmd: compileSnippet
  api=1 type=0 insize=4847 outsize=974 kw=SPOT ok=1
Cmd: compileSnippet
  api=4 type=0 insize=4847 outsize=4134 kw=DIRECTIONAL_COOKIE ok=1
Cmd: compileSnippet
  api=8 type=1 insize=4847 outsize=6005 kw=POINT ok=1
Cmd: compileSnippet
  api=4 type=1 insize=4847 outsize=4516 kw=SPOT ok=1
Cmd: compileSnippet
  api=1 type=1 insize=4847 outsize=1371 kw=POINT_COOKIE ok=1
Cmd: compileSnippet
  api=4 type=1 insize=4847 outsize=4207 kw=POINT_COOKIE ok=1
Cmd: compileSnippet
  api=4 type=1 insize=4847 outsize=3866 kw=DIRECTIONAL_COOKIE ok=1
Cmd: compileSnippet
  api=8 type=0 insize=6012 outsize=6143 kw=DIRECTIONAL LIGHTMAP_OFF DIRLIGHTMAP_OFF ok=1
Cmd: compileSnippet
  api=0 type=0 insize=6012 outsize=2130 kw=DIRECTIONAL LIGHTMAP_OFF DIRLIGHTMAP_OFF VERTEXLIGHT_ON ok=1
Cmd: compileSnippet
  api=8 type=1 insize=6012 outsize=4859 kw=DIRECTIONAL LIGHTMAP_OFF DIRLIGHTMAP_OFF ok=1
Cmd: compileSnippet
  api=0 type=0 insize=3811 outsize=1346 kw=POINT ok=1
Cmd: compileSnippet
  api=1 type=0 insize=3811 outsize=648 kw=DIRECTIONAL ok=1
Cmd: compileSnippet
  api=1 type=0 insize=3811 outsize=825 kw=SPOT ok=1
Cmd: compileSnippet
  api=1 type=0 insize=3811 outsize=806 kw=POINT_COOKIE ok=1
Cmd: compileSnippet
  api=0 type=0 insize=3811 outsize=1266 kw=DIRECTIONAL_COOKIE ok=1
Cmd: compileSnippet
  api=1 type=1 insize=3811 outsize=1210 kw=POINT ok=1
Cmd: compileSnippet
  api=0 type=1 insize=3811 outsize=1590 kw=SPOT ok=1
Cmd: compileSnippet
  api=1 type=1 insize=3811 outsize=1362 kw=SPOT ok=1
Cmd: compileSnippet
  api=8 type=1 insize=3811 outsize=5964 kw=SPOT ok=1
Cmd: compileSnippet
  api=8 type=0 insize=5336 outsize=4705 kw=DIRECTIONAL LIGHTMAP_OFF DIRLIGHTMAP_OFF ok=1
Cmd: compileSnippet
  api=8 type=0 insize=5336 outsize=2243 kw=DIRECTIONAL LIGHTMAP_ON DIRLIGHTMAP_OFF ok=1
Cmd: compileSnippet
  api=1 type=0 insize=5336 outsize=559 kw=DIRECTIONAL LIGHTMAP_ON DIRLIGHTMAP_ON ok=1
Cmd: compileSnippet
  api=1 type=0 insize=5336 outsize=1233 kw=DIRECTIONAL LIGHTMAP_OFF DIRLIGHTMAP_OFF VERTEXLIGHT_ON ok=1
Cmd: compileSnippet
  api=1 type=1 insize=5336 outsize=430 kw=DIRECTIONAL LIGHTMAP_OFF DIRLIGHTMAP_OFF ok=1
Cmd: compileSnippet
  api=4 type=1 insize=5336 outsize=1632 kw=DIRECTIONAL LIGHTMAP_ON DIRLIGHTMAP_OFF ok=1
Cmd: compileSnippet
  api=1 type=1 insize=5336 outsize=371 kw=DIRECTIONAL LIGHTMAP_ON DIRLIGHTMAP_ON ok=1
Cmd: compileSnippet
  api=1 type=0 insize=2853 outsize=431 kw=POINT ok=1
Cmd: compileSnippet
  api=1 type=0 insize=2853 outsize=352 kw=DIRECTIONAL ok=1
Cmd: compileSnippet
  api=8 type=0 insize=2853 outsize=4558 kw=SPOT ok=1
Cmd: compileSnippet
  api=0 type=0 insize=2853 outsize=847 kw=DIRECTIONAL_COOKIE ok=1
Cmd: compileSnippet
  api=1 type=1 insize=2853 outsize=557 kw=POINT ok=1
Cmd: compileSnippet
  api=4 type=1 insize=2853 outsize=1745 kw=DIRECTIONAL ok=1
Cmd: compileSnippet
  api=1 type=1 insize=2853 outsize=702 kw=SPOT ok=1
Cmd: compileSnippet
  api=0 type=1 insize=2853 outsize=826 kw=POINT_COOKIE ok=1
Cmd: compileSnippet
  api=1 type=1 insize=2853 outsize=605 kw=POINT_COOKIE ok=1
Cmd: compileSnippet
  api=8 type=1 insize=2853 outsize=3494 kw=POINT_COOKIE ok=1
Cmd: compileSnippet
  api=1 type=0 insize=1770 outsize=308 kw= ok=1
Cmd: compileSnippet
  api=1 type=1 insize=1770 outsize=351 kw= ok=1
Cmd: compileSnippet
  api=1 type=0 insize=1381 outsize=186 kw= ok=1
Cmd: compileSnippet
  api=4 type=0 insize=1948 outsize=1128 kw= ok=1
Cmd: compileSnippet
  api=8 type=0 insize=2154 outsize=2958 kw= ok=1
Cmd: compileSnippet
  api=8 type=1 insize=2154 outsize=2584 kw= ok=1
Cmd: compileSnippet
  api=4 type=1 insize=1603 outsize=2452 kw= ok=1
Cmd: compileSnippet
  api=4 type=0 insize=1489 outsize=1128 kw= ok=1
Cmd: compileSnippet
  api=4 type=0 insize=1210 outsize=1128 kw= ok=1
Cmd: compileSnippet
  api=4 type=1 insize=1210 outsize=1274 kw= ok=1
Cmd: compileSnippet
  api=4 type=0 insize=1274 outsize=1128 kw= ok=1
Cmd: compileSnippet
  api=1 type=1 insize=1788 outsize=362 kw= ok=1
Cmd: compileSnippet
  api=4 type=0 insize=1435 outsize=1128 kw= ok=1
Cmd: compileSnippet
  api=4 type=1 insize=1435 outsize=1502 kw= ok=1
Cmd: compileSnippet
  api=4 type=0 insize=1496 outsize=1128 kw= ok=1
Cmd: compileSnippet
  api=8 type=0 insize=1354 outsize=1650 kw= ok=1
Cmd: compileSnippet
  api=4 type=1 insize=1354 outsize=1298 kw= ok=1
Cmd: compileSnippet
  api=4 type=1 insize=1263 outsize=1477 kw= ok=1
Cmd: compileSnippet
  api=4 type=1 insize=2293 outsize=2607 kw= ok=1
Cmd: compileSnippet
  api=4 type=1 insize=1396 outsize=1315 kw= ok=1
Cmd: compileSnippet
  api=1 type=1 insize=2219 outsize=430 kw= ok=1
Cmd: compileSnippet
  api=1 type=0 insize=1852 outsize=308 kw= ok=1
Cmd: compileSnippet
  api=4 type=0 insize=1723 outsize=1282 kw= ok=1
Cmd: compileSnippet
  api=4 type=1 insize=1723 outsize=2087 kw= ok=1
Cmd: compileSnippet
  api=1 type=1 insize=2137 outsize=450 kw= ok=1
Cmd: compileSnippet
  api=4 type=0 insize=1443 outsize=1128 kw= ok=1
Cmd: compileSnippet
  api=8 type=1 insize=1443 outsize=3787 kw= ok=1
Cmd: compileSnippet
  api=4 type=0 insize=1099 outsize=1128 kw= ok=1
Cmd: compileSnippet
  api=4 type=1 insize=1099 outsize=917 kw= ok=1
Cmd: compileSnippet
  api=4 type=1 insize=1053 outsize=941 kw= ok=1
Cmd: compileSnippet
  api=1 type=0 insize=1252 outsize=186 kw= ok=1
Cmd: compileSnippet
  api=8 type=1 insize=1252 outsize=1715 kw= ok=1
Cmd: compileSnippet
  api=4 type=0 insize=1145 outsize=1128 kw= ok=1
Cmd: compileSnippet
  api=4 type=1 insize=1002 outsize=738 kw= ok=1
Cmd: compileSnippet
  api=4 type=1 insize=1923 outsize=2785 kw= ok=1
Cmd: compileSnippet
  api=4 type=0 insize=1154 outsize=1128 kw= ok=1
Cmd: compileSnippet
  api=4 type=0 insize=1632 outsize=1128 kw= ok=1
Cmd: compileSnippet
  api=8 type=1 insize=1444 outsize=3787 kw= ok=1
Cmd: compileSnippet
  api=8 type=0 insize=1694 outsize=1650 kw= ok=1
Cmd: compileSnippet
  api=4 type=1 insize=1694 outsize=2460 kw= ok=1
Cmd: compileSnippet
  api=8 type=0 insize=1237 outsize=1950 kw= ok=1
Cmd: compileSnippet
  api=1 type=1 insize=1237 outsize=217 kw= ok=1
Cmd: compileSnippet
  api=1 type=0 insize=2284 outsize=425 kw= ok=1
Cmd: compileSnippet
  api=1 type=1 insize=2284 outsize=695 kw= ok=1
Cmd: compileSnippet
  api=4 type=0 insize=1274 outsize=1128 kw= ok=1
Cmd: compileSnippet
  api=8 type=1 insize=1274 outsize=1893 kw= ok=1
Cmd: compileSnippet
  api=8 type=0 insize=1148 outsize=1650 kw= ok=1
Cmd: compileSnippet
  api=8 type=1 insize=1148 outsize=2137 kw= ok=1
Cmd: compileSnippet
  api=4 type=0 insize=1404 outsize=1128 kw= ok=1
Cmd: compileSnippet
  api=4 type=1 insize=1404 outsize=1469 kw= ok=1
Cmd: compileSnippet
  api=4 type=1 insize=1018 outsize=697 kw= ok=1
Cmd: compileSnippet
  api=1 type=0 insize=882 outsize=158 kw= ok=1
Cmd: compileSnippet
  api=1 type=1 insize=882 outsize=81 kw= ok=1
Cmd: compileSnippet
  api=1 type=1 insize=1051 outsize=343 kw= ok=1
Cmd: compileSnippet
  api=1 type=0 insize=1917 outsize=308 kw= ok=1
Cmd: compileSnippet
  api=8 type=0 insize=1112 outsize=1650 kw= ok=1
Cmd: compileSnippet
  api=4 type=0 insize=1090 outsize=1128 kw= ok=1
Cmd: compileSnippet
  error: 2 plat 8 at (64): 'vert': output parameter 'o' not completely initialized
  error: 1 plat 8 at (84): implicit truncation of vector type
  api=8 type=0 insize=7115 outsize=0 kw=DIRECTIONAL LIGHTMAP_OFF DIRLIGHTMAP_OFF VERTEXLIGHT_ON ok=0
Cmd: compileSnippet
  error: 2 plat 8 at (64): 'vert': output parameter 'o' not completely initialized
  error: 1 plat 8 at (84): implicit truncation of vector type
  api=8 type=0 insize=4847 outsize=0 kw=SPOT ok=0
Cmd: compileSnippet
  error: 2 plat 8 at (64): 'vert': output parameter 'o' not completely initialized
  error: 1 plat 8 at (84): implicit truncation of vector type
  api=8 type=0 insize=7115 outsize=0 kw=DIRECTIONAL LIGHTMAP_OFF DIRLIGHTMAP_OFF VERTEXLIGHT_ON ok=0
Cmd: compileSnippet
  error: 2 plat 8 at (64): 'vert': output parameter 'o' not completely initialized
  error: 1 plat 8 at (84): implicit truncation of vector type
  api=8 type=0 insize=4847 outsize=0 kw=POINT ok=0
Cmd: compileSnippet
  error: 2 plat 8 at (64): 'vert': output parameter 'o' not completely initialized
  error: 1 plat 8 at (84): implicit truncation of vector type
  api=8 type=0 insize=4847 outsize=0 kw=DIRECTIONAL_COOKIE ok=0
Cmd: compileSnippet
  error: 2 plat 8 at (64): 'vert': output parameter 'o' not completely initialized
  error: 1 plat 8 at (84): implicit truncation of vector type
  api=8 type=0 insize=4847 outsize=0 kw=SPOT ok=0
Cmd: compileSnippet
  error: 2 plat 8 at (64): 'vert': output parameter 'o' not completely initialized
  error: 1 plat 8 at (84): implicit truncation of vector type
  api=8 type=0 insize=4847 outsize=0 kw=DIRECTIONAL_COOKIE ok=0
Cmd: compileSnippet
  error: 2 plat 8 at (64): 'vert': output parameter 'o' not completely initialized
  error: 1 plat 8 at (84): implicit truncation of vector type
  api=8 type=0 insize=7115 outsize=0 kw=DIRECTIONAL LIGHTMAP_OFF DIRLIGHTMAP_OFF VERTEXLIGHT_ON ok=0
Cmd: compileSnippet
  error: 2 plat 8 at (64): 'vert': output parameter 'o' not completely initialized
  error: 1 plat 8 at (84): implicit truncation of vector type
  api=8 type=0 insize=4847 outsize=0 kw=POINT ok=0
Unhandled exception: Readfile from pipe failed. GLE=The pipe has been ended.


Quitting shader compiler process
