Base path: M:/installed/UnityEditor/Data
Pipe name: \\.\pipe\UnityShaderCompiler-2-5892
Cmd: getPlatforms
Cmd: compileSnippet
  api=9 type=0 insize=7115 outsize=2775 kw=DIRECTIONAL LIGHTMAP_ON DIRLIGHTMAP_OFF ok=1
Cmd: compileSnippet
  api=9 type=0 insize=4847 outsize=5632 kw=POINT_COOKIE ok=1
Cmd: compileSnippet
  api=9 type=1 insize=4847 outsize=7 kw=POINT_COOKIE ok=1
Cmd: compileSnippet
  api=5 type=0 insize=6012 outsize=1881 kw=DIRECTIONAL LIGHTMAP_ON DIRLIGHTMAP_OFF ok=1
Cmd: compileSnippet
  api=5 type=0 insize=6012 outsize=7059 kw=DIRECTIONAL LIGHTMAP_OFF DIRLIGHTMAP_OFF VERTEXLIGHT_ON ok=1
Cmd: compileSnippet
  api=9 type=1 insize=6012 outsize=7 kw=DIRECTIONAL LIGHTMAP_ON DIRLIGHTMAP_OFF ok=1
Cmd: compileSnippet
  api=9 type=0 insize=3811 outsize=4260 kw=DIRECTIONAL ok=1
Cmd: compileSnippet
  api=5 type=0 insize=3811 outsize=5008 kw=POINT_COOKIE ok=1
Cmd: compileSnippet
  api=9 type=0 insize=3811 outsize=4634 kw=DIRECTIONAL_COOKIE ok=1
Cmd: compileSnippet
  api=9 type=1 insize=3811 outsize=7 kw=DIRECTIONAL ok=1
Cmd: compileSnippet
  api=9 type=1 insize=3811 outsize=7 kw=POINT_COOKIE ok=1
Cmd: compileSnippet
  api=9 type=0 insize=5336 outsize=4040 kw=DIRECTIONAL LIGHTMAP_OFF DIRLIGHTMAP_OFF ok=1
Cmd: compileSnippet
  api=5 type=0 insize=5336 outsize=5145 kw=DIRECTIONAL LIGHTMAP_OFF DIRLIGHTMAP_OFF VERTEXLIGHT_ON ok=1
Cmd: compileSnippet
  api=9 type=1 insize=5336 outsize=7 kw=DIRECTIONAL LIGHTMAP_ON DIRLIGHTMAP_OFF ok=1
Cmd: compileSnippet
  api=9 type=0 insize=2853 outsize=2868 kw=DIRECTIONAL ok=1
Cmd: compileSnippet
  api=5 type=0 insize=2853 outsize=3554 kw=SPOT ok=1
Cmd: compileSnippet
  api=9 type=1 insize=2853 outsize=7 kw=DIRECTIONAL ok=1
Cmd: compileSnippet
  api=9 type=1 insize=2853 outsize=7 kw=SPOT ok=1
Cmd: compileSnippet
  api=9 type=0 insize=1095 outsize=1078 kw= ok=1
Cmd: compileSnippet
  api=9 type=0 insize=1098 outsize=1141 kw= ok=1
Cmd: compileSnippet
  api=9 type=0 insize=1159 outsize=1255 kw= ok=1
Cmd: compileSnippet
  api=9 type=0 insize=1354 outsize=1511 kw= ok=1
Cmd: compileSnippet
  api=9 type=0 insize=2293 outsize=2628 kw= ok=1
Cmd: compileSnippet
  api=9 type=1 insize=2293 outsize=7 kw= ok=1
Cmd: compileSnippet
  api=9 type=1 insize=1396 outsize=7 kw= ok=1
Cmd: compileSnippet
  api=9 type=0 insize=1279 outsize=1515 kw= ok=1
Cmd: compileSnippet
  api=9 type=1 insize=1145 outsize=7 kw= ok=1
Cmd: compileSnippet
  api=9 type=0 insize=1002 outsize=942 kw= ok=1
Cmd: compileSnippet
  api=9 type=0 insize=1923 outsize=2618 kw= ok=1
Cmd: compileSnippet
  api=9 type=0 insize=1444 outsize=8746 kw= ok=1
Cmd: compileSnippet
  api=9 type=0 insize=1148 outsize=1285 kw= ok=1
Cmd: compileSnippet
  api=9 type=1 insize=1112 outsize=7 kw= ok=1
Cmd: compileSnippet
  api=9 type=1 insize=1090 outsize=7 kw= ok=1
Cmd: compileSnippet
  api=0 type=1 insize=898 outsize=143 kw= ok=1
Cmd: compileSnippet
  api=0 type=0 insize=7115 outsize=1634 kw=DIRECTIONAL LIGHTMAP_OFF DIRLIGHTMAP_OFF ok=1
Cmd: compileSnippet
  api=4 type=0 insize=7115 outsize=6295 kw=DIRECTIONAL LIGHTMAP_OFF DIRLIGHTMAP_OFF VERTEXLIGHT_ON ok=1
Cmd: compileSnippet
  error: 2 plat 8 at (64): 'vert': output parameter 'o' not completely initialized
  error: 1 plat 8 at (84): implicit truncation of vector type
  api=8 type=0 insize=7115 outsize=0 kw=DIRECTIONAL LIGHTMAP_OFF DIRLIGHTMAP_OFF VERTEXLIGHT_ON ok=0
Cmd: compileSnippet
  api=0 type=1 insize=7115 outsize=832 kw=DIRECTIONAL LIGHTMAP_ON DIRLIGHTMAP_OFF ok=1
Cmd: compileSnippet
  api=4 type=1 insize=7115 outsize=2338 kw=DIRECTIONAL LIGHTMAP_ON DIRLIGHTMAP_OFF ok=1
Cmd: compileSnippet
  error: 2 plat 8 at (64): 'vert': output parameter 'o' not completely initialized
  error: 1 plat 8 at (84): implicit truncation of vector type
  api=8 type=0 insize=4847 outsize=0 kw=POINT ok=0
Cmd: compileSnippet
  api=0 type=0 insize=4847 outsize=1221 kw=DIRECTIONAL ok=1
Cmd: compileSnippet
  api=4 type=0 insize=4847 outsize=4223 kw=SPOT ok=1
Cmd: compileSnippet
  api=1 type=0 insize=4847 outsize=955 kw=POINT_COOKIE ok=1
Cmd: compileSnippet
  api=1 type=0 insize=4847 outsize=909 kw=DIRECTIONAL_COOKIE ok=1
Cmd: compileSnippet
  api=0 type=1 insize=4847 outsize=1616 kw=POINT ok=1
Cmd: compileSnippet
  api=1 type=1 insize=4847 outsize=1104 kw=DIRECTIONAL ok=1
Cmd: compileSnippet
  api=1 type=1 insize=4847 outsize=1471 kw=SPOT ok=1
Cmd: compileSnippet
  api=8 type=1 insize=4847 outsize=6671 kw=SPOT ok=1
Cmd: compileSnippet
  api=8 type=1 insize=4847 outsize=5737 kw=DIRECTIONAL_COOKIE ok=1
Cmd: compileSnippet
  api=0 type=0 insize=6012 outsize=1468 kw=DIRECTIONAL LIGHTMAP_OFF DIRLIGHTMAP_OFF ok=1
Cmd: compileSnippet
  api=4 type=0 insize=6012 outsize=1640 kw=DIRECTIONAL LIGHTMAP_ON DIRLIGHTMAP_OFF ok=1
Cmd: compileSnippet
  api=4 type=0 insize=6012 outsize=5848 kw=DIRECTIONAL LIGHTMAP_OFF DIRLIGHTMAP_OFF VERTEXLIGHT_ON ok=1
Cmd: compileSnippet
  api=0 type=1 insize=6012 outsize=1229 kw=DIRECTIONAL LIGHTMAP_OFF DIRLIGHTMAP_OFF ok=1
Cmd: compileSnippet
  api=1 type=1 insize=6012 outsize=371 kw=DIRECTIONAL LIGHTMAP_ON DIRLIGHTMAP_OFF ok=1
Cmd: compileSnippet
  api=8 type=1 insize=6012 outsize=2430 kw=DIRECTIONAL LIGHTMAP_ON DIRLIGHTMAP_OFF ok=1
Cmd: compileSnippet
  api=1 type=0 insize=3811 outsize=806 kw=POINT ok=1
Cmd: compileSnippet
  api=4 type=0 insize=3811 outsize=2997 kw=DIRECTIONAL ok=1
Cmd: compileSnippet
  api=0 type=0 insize=3811 outsize=1383 kw=SPOT ok=1
Cmd: compileSnippet
  api=8 type=0 insize=3811 outsize=5525 kw=SPOT ok=1
Cmd: compileSnippet
  api=4 type=0 insize=3811 outsize=3687 kw=DIRECTIONAL_COOKIE ok=1
Cmd: compileSnippet
  api=0 type=1 insize=3811 outsize=1187 kw=DIRECTIONAL ok=1
Cmd: compileSnippet
  api=4 type=1 insize=3811 outsize=3118 kw=DIRECTIONAL ok=1
Cmd: compileSnippet
  api=4 type=1 insize=3811 outsize=4028 kw=SPOT ok=1
Cmd: compileSnippet
  api=8 type=1 insize=3811 outsize=5525 kw=POINT_COOKIE ok=1
Cmd: compileSnippet
  api=0 type=0 insize=5336 outsize=468 kw=DIRECTIONAL LIGHTMAP_ON DIRLIGHTMAP_OFF ok=1
Cmd: compileSnippet
  api=4 type=0 insize=5336 outsize=2566 kw=DIRECTIONAL LIGHTMAP_ON DIRLIGHTMAP_ON ok=1
Cmd: compileSnippet
  api=0 type=1 insize=5336 outsize=542 kw=DIRECTIONAL LIGHTMAP_ON DIRLIGHTMAP_OFF ok=1
Cmd: compileSnippet
  api=8 type=1 insize=5336 outsize=2430 kw=DIRECTIONAL LIGHTMAP_ON DIRLIGHTMAP_OFF ok=1
Cmd: compileSnippet
  api=8 type=1 insize=5336 outsize=2478 kw=DIRECTIONAL LIGHTMAP_ON DIRLIGHTMAP_ON ok=1
Cmd: compileSnippet
  api=8 type=0 insize=2853 outsize=4558 kw=POINT ok=1
Cmd: compileSnippet
  api=1 type=0 insize=2853 outsize=450 kw=SPOT ok=1
Cmd: compileSnippet
  api=1 type=0 insize=2853 outsize=431 kw=POINT_COOKIE ok=1
Cmd: compileSnippet
  api=4 type=0 insize=2853 outsize=3175 kw=DIRECTIONAL_COOKIE ok=1
Cmd: compileSnippet
  api=8 type=1 insize=2853 outsize=3267 kw=POINT ok=1
Cmd: compileSnippet
  api=8 type=1 insize=2853 outsize=3908 kw=SPOT ok=1
Cmd: compileSnippet
  api=0 type=1 insize=2853 outsize=649 kw=DIRECTIONAL_COOKIE ok=1
Cmd: compileSnippet
  api=8 type=0 insize=1095 outsize=1650 kw= ok=1
Cmd: compileSnippet
  api=8 type=1 insize=1095 outsize=1568 kw= ok=1
Cmd: compileSnippet
  api=8 type=0 insize=1260 outsize=1650 kw= ok=1
Cmd: compileSnippet
  api=8 type=1 insize=1260 outsize=2381 kw= ok=1
Cmd: compileSnippet
  api=8 type=0 insize=1091 outsize=1650 kw= ok=1
Cmd: compileSnippet
  api=8 type=1 insize=1091 outsize=1422 kw= ok=1
Cmd: compileSnippet
  api=8 type=0 insize=1770 outsize=2430 kw= ok=1
Cmd: compileSnippet
  api=8 type=1 insize=1770 outsize=2040 kw= ok=1
Cmd: compileSnippet
  api=8 type=0 insize=1381 outsize=1950 kw= ok=1
Cmd: compileSnippet
  api=8 type=1 insize=1381 outsize=2600 kw= ok=1
Cmd: compileSnippet
  api=8 type=1 insize=1948 outsize=4558 kw= ok=1
Cmd: compileSnippet
  api=8 type=0 insize=1886 outsize=1650 kw= ok=1
Cmd: compileSnippet
  api=4 type=1 insize=1886 outsize=2940 kw= ok=1
Cmd: compileSnippet
  api=8 type=0 insize=1098 outsize=1650 kw= ok=1
Cmd: compileSnippet
  api=4 type=1 insize=1098 outsize=998 kw= ok=1
Cmd: compileSnippet
  api=4 type=0 insize=1603 outsize=1128 kw= ok=1
Cmd: compileSnippet
  api=8 type=1 insize=1603 outsize=3795 kw= ok=1
Cmd: compileSnippet
  api=8 type=0 insize=1489 outsize=1650 kw= ok=1
Cmd: compileSnippet
  api=8 type=1 insize=1489 outsize=3470 kw= ok=1
Cmd: compileSnippet
  api=8 type=0 insize=1210 outsize=1650 kw= ok=1
Cmd: compileSnippet
  api=8 type=1 insize=1210 outsize=2178 kw= ok=1
Cmd: compileSnippet
  api=8 type=0 insize=1274 outsize=1650 kw= ok=1
Cmd: compileSnippet
  api=8 type=1 insize=1274 outsize=3193 kw= ok=1
Cmd: compileSnippet
  api=8 type=0 insize=1788 outsize=2430 kw= ok=1
Cmd: compileSnippet
  api=8 type=1 insize=1788 outsize=2064 kw= ok=1
Cmd: compileSnippet
  api=8 type=0 insize=1159 outsize=1650 kw= ok=1
Cmd: compileSnippet
  api=8 type=1 insize=1159 outsize=1991 kw= ok=1
Cmd: compileSnippet
  api=8 type=1 insize=1496 outsize=2868 kw= ok=1
Cmd: compileSnippet
  api=4 type=0 insize=1354 outsize=1128 kw= ok=1
Cmd: compileSnippet
  api=8 type=1 insize=1354 outsize=2121 kw= ok=1
Cmd: compileSnippet
  api=8 type=0 insize=1183 outsize=1650 kw= ok=1
Cmd: compileSnippet
  api=8 type=1 insize=1183 outsize=1520 kw= ok=1
Cmd: compileSnippet
  api=8 type=0 insize=1446 outsize=1650 kw= ok=1
Cmd: compileSnippet
  api=4 type=1 insize=1446 outsize=1542 kw= ok=1
Cmd: compileSnippet
  api=8 type=0 insize=1206 outsize=1650 kw= ok=1
Cmd: compileSnippet
  api=8 type=1 insize=1206 outsize=1934 kw= ok=1
Cmd: compileSnippet
  api=8 type=0 insize=1263 outsize=1650 kw= ok=1
Cmd: compileSnippet
  api=8 type=1 insize=1263 outsize=3429 kw= ok=1
Cmd: compileSnippet
  api=4 type=0 insize=1149 outsize=1128 kw= ok=1
Cmd: compileSnippet
  api=8 type=1 insize=1149 outsize=2023 kw= ok=1
Cmd: compileSnippet
  api=8 type=0 insize=2293 outsize=2860 kw= ok=1
Cmd: compileSnippet
  api=8 type=1 insize=2293 outsize=4071 kw= ok=1
Cmd: compileSnippet
  api=8 type=0 insize=1396 outsize=1650 kw= ok=1
Cmd: compileSnippet
  api=8 type=1 insize=1396 outsize=2170 kw= ok=1
Cmd: compileSnippet
  api=1 type=0 insize=2219 outsize=425 kw= ok=1
Cmd: compileSnippet
  api=8 type=1 insize=2219 outsize=2584 kw= ok=1
Cmd: compileSnippet
  api=8 type=0 insize=1852 outsize=2430 kw= ok=1
Cmd: compileSnippet
  api=8 type=1 insize=1852 outsize=2032 kw= ok=1
Cmd: compileSnippet
  api=8 type=1 insize=1723 outsize=3648 kw= ok=1
Cmd: compileSnippet
  api=8 type=0 insize=924 outsize=1690 kw= ok=1
Cmd: compileSnippet
  api=1 type=0 insize=2137 outsize=425 kw= ok=1
Cmd: compileSnippet
  api=8 type=1 insize=2137 outsize=2592 kw= ok=1
Cmd: compileSnippet
  api=8 type=0 insize=1443 outsize=1650 kw= ok=1
Cmd: compileSnippet
  api=4 type=1 insize=1443 outsize=1851 kw= ok=1
Cmd: compileSnippet
  api=8 type=0 insize=1099 outsize=1650 kw= ok=1
Cmd: compileSnippet
  api=4 type=0 insize=1053 outsize=1128 kw= ok=1
Cmd: compileSnippet
  api=8 type=1 insize=1053 outsize=1650 kw= ok=1
Cmd: compileSnippet
  api=8 type=0 insize=1386 outsize=1650 kw= ok=1
Cmd: compileSnippet
  api=8 type=1 insize=1386 outsize=2682 kw= ok=1
Cmd: compileSnippet
  api=8 type=0 insize=2213 outsize=2860 kw= ok=1
Cmd: compileSnippet
  api=8 type=1 insize=2213 outsize=4908 kw= ok=1
Cmd: compileSnippet
  api=4 type=0 insize=1215 outsize=1128 kw= ok=1
Cmd: compileSnippet
  api=4 type=1 insize=1215 outsize=1802 kw= ok=1
Cmd: compileSnippet
  api=1 type=0 insize=1329 outsize=186 kw= ok=1
Cmd: compileSnippet
  api=8 type=1 insize=1329 outsize=1682 kw= ok=1
Cmd: compileSnippet
  api=8 type=0 insize=1279 outsize=1650 kw= ok=1
Cmd: compileSnippet
  api=8 type=1 insize=1279 outsize=1934 kw= ok=1
Cmd: compileSnippet
  api=1 type=1 insize=1252 outsize=246 kw= ok=1
Cmd: compileSnippet
  api=4 type=1 insize=1145 outsize=1160 kw= ok=1
Cmd: compileSnippet
  api=0 type=0 insize=1278 outsize=428 kw= ok=1
Cmd: compileSnippet
  api=0 type=1 insize=1278 outsize=496 kw= ok=1
Cmd: compileSnippet
  api=0 type=0 insize=1506 outsize=428 kw= ok=1
Cmd: compileSnippet
  api=0 type=1 insize=1506 outsize=733 kw= ok=1
Cmd: compileSnippet
  api=0 type=0 insize=1002 outsize=428 kw= ok=1
Cmd: compileSnippet
  api=8 type=1 insize=1002 outsize=1138 kw= ok=1
Cmd: compileSnippet
  api=8 type=0 insize=1923 outsize=1650 kw= ok=1
Cmd: compileSnippet
  api=8 type=1 insize=1923 outsize=4339 kw= ok=1
Cmd: compileSnippet
  api=8 type=0 insize=1154 outsize=1650 kw= ok=1
Cmd: compileSnippet
  api=8 type=1 insize=1154 outsize=2088 kw= ok=1
Cmd: compileSnippet
  api=4 type=1 insize=1632 outsize=2403 kw= ok=1
Cmd: compileSnippet
  api=8 type=0 insize=1444 outsize=1650 kw= ok=1
Cmd: compileSnippet
  api=8 type=0 insize=1204 outsize=1650 kw= ok=1
Cmd: compileSnippet
  api=8 type=1 insize=1204 outsize=2202 kw= ok=1
Cmd: compileSnippet
  api=8 type=1 insize=1694 outsize=4063 kw= ok=1
Cmd: compileSnippet
  api=8 type=1 insize=1237 outsize=1690 kw= ok=1
Cmd: compileSnippet
  api=8 type=0 insize=2284 outsize=2958 kw= ok=1
Cmd: compileSnippet
  api=8 type=1 insize=2284 outsize=3494 kw= ok=1
Cmd: compileSnippet
  api=8 type=0 insize=1274 outsize=1650 kw= ok=1
Cmd: compileSnippet
  api=4 type=1 insize=1274 outsize=1217 kw= ok=1
Cmd: compileSnippet
  api=4 type=0 insize=1641 outsize=1128 kw= ok=1
Cmd: compileSnippet
  api=4 type=0 insize=1210 outsize=1128 kw= ok=1
Cmd: compileSnippet
  api=8 type=1 insize=1210 outsize=1950 kw= ok=1
Cmd: compileSnippet
  api=8 type=1 insize=1404 outsize=2592 kw= ok=1
Cmd: compileSnippet
  api=8 type=0 insize=1018 outsize=1650 kw= ok=1
Cmd: compileSnippet
  api=8 type=1 insize=1018 outsize=1048 kw= ok=1
Cmd: compileSnippet
  api=8 type=0 insize=882 outsize=1690 kw= ok=1
Cmd: compileSnippet
  api=8 type=1 insize=882 outsize=1048 kw= ok=1
Cmd: compileSnippet
  api=8 type=0 insize=1051 outsize=1690 kw= ok=1
Cmd: compileSnippet
  api=8 type=1 insize=1051 outsize=2015 kw= ok=1
Cmd: compileSnippet
  api=8 type=0 insize=1917 outsize=2430 kw= ok=1
Cmd: compileSnippet
  api=8 type=1 insize=1917 outsize=2974 kw= ok=1
Cmd: compileSnippet
  api=4 type=1 insize=1112 outsize=1030 kw= ok=1
Cmd: compileSnippet
  api=4 type=1 insize=1090 outsize=941 kw= ok=1
Cmd: compileSnippet
  error: 2 plat 8 at (64): 'vert': output parameter 'o' not completely initialized
  error: 1 plat 8 at (84): implicit truncation of vector type
  api=8 type=0 insize=4847 outsize=0 kw=POINT_COOKIE ok=0
Cmd: compileSnippet
  error: 2 plat 8 at (64): 'vert': output parameter 'o' not completely initialized
  error: 1 plat 8 at (84): implicit truncation of vector type
  api=8 type=0 insize=7115 outsize=0 kw=DIRECTIONAL LIGHTMAP_ON DIRLIGHTMAP_OFF ok=0
Cmd: compileSnippet
  error: 2 plat 8 at (64): 'vert': output parameter 'o' not completely initialized
  error: 1 plat 8 at (84): implicit truncation of vector type
  api=8 type=0 insize=4847 outsize=0 kw=SPOT ok=0
Cmd: compileSnippet
  error: 2 plat 8 at (64): 'vert': output parameter 'o' not completely initialized
  error: 1 plat 8 at (84): implicit truncation of vector type
  api=8 type=0 insize=7115 outsize=0 kw=DIRECTIONAL LIGHTMAP_OFF DIRLIGHTMAP_OFF VERTEXLIGHT_ON ok=0
Cmd: compileSnippet
  error: 2 plat 8 at (64): 'vert': output parameter 'o' not completely initialized
  error: 1 plat 8 at (84): implicit truncation of vector type
  api=8 type=0 insize=4847 outsize=0 kw=POINT_COOKIE ok=0
Cmd: compileSnippet
  error: 2 plat 8 at (64): 'vert': output parameter 'o' not completely initialized
  error: 1 plat 8 at (84): implicit truncation of vector type
  api=8 type=0 insize=4847 outsize=0 kw=POINT_COOKIE ok=0
Unhandled exception: Readfile from pipe failed. GLE=The pipe has been ended.


Quitting shader compiler process
